<?xml version="1.0" encoding="UTF-8" ?>
<testsuite tests="12" failures="0" name="testrunner.TestRunner" time="265.493" errors="0" skipped="0">
  <properties>
[...]
</properties>
  <testcase classname="testrunner.TestRunner" name="runScenario" time="6.625"/>
  <testcase classname="testrunner.TestRunner" name="runScenario" time="51.877"/>
  <testcase classname="testrunner.TestRunner" name="runScenario" time="41.48"/>
  <testcase classname="testrunner.TestRunner" name="runScenario" time="50.26"/>
  <testcase classname="testrunner.TestRunner" name="runScenario" time="10.182"/>
  <testcase classname="testrunner.TestRunner" name="runScenario" time="8.577"/>
  <testcase classname="testrunner.TestRunner" name="runScenario" time="6.35"/>
  <testcase classname="testrunner.TestRunner" name="runScenario" time="5.008"/>
  <testcase classname="testrunner.TestRunner" name="runScenario" time="5.912"/>
  <testcase classname="testrunner.TestRunner" name="runScenario" time="61.953"/>
  <testcase classname="testrunner.TestRunner" name="runScenario" time="5.875"/>
  <testcase classname="testrunner.TestRunner" name="runScenario" time="11.394"/>
</testsuite>